{"/Users/aishayusuff/Makers-2022/tech-tests/bank-tech-test/lib/bankAccount.js": {"path":"/Users/aishayusuff/Makers-2022/tech-tests/bank-tech-test/lib/bankAccount.js","statementMap":{"0":{"start":{"line":3,"column":4},"end":{"line":3,"column":26}},"1":{"start":{"line":4,"column":4},"end":{"line":4,"column":19}},"2":{"start":{"line":5,"column":4},"end":{"line":5,"column":23}},"3":{"start":{"line":8,"column":4},"end":{"line":8,"column":32}},"4":{"start":{"line":11,"column":18},"end":{"line":11,"column":36}},"5":{"start":{"line":12,"column":4},"end":{"line":12,"column":33}},"6":{"start":{"line":15,"column":18},"end":{"line":15,"column":36}},"7":{"start":{"line":16,"column":4},"end":{"line":16,"column":33}},"8":{"start":{"line":17,"column":23},"end":{"line":17,"column":54}},"9":{"start":{"line":18,"column":4},"end":{"line":20,"column":5}},"10":{"start":{"line":19,"column":6},"end":{"line":19,"column":40}},"11":{"start":{"line":23,"column":19},"end":{"line":23,"column":42}},"12":{"start":{"line":24,"column":4},"end":{"line":26,"column":5}},"13":{"start":{"line":25,"column":6},"end":{"line":25,"column":32}},"14":{"start":{"line":28,"column":17},"end":{"line":28,"column":36}},"15":{"start":{"line":29,"column":16},"end":{"line":29,"column":35}},"16":{"start":{"line":30,"column":18},"end":{"line":30,"column":24}},"17":{"start":{"line":31,"column":25},"end":{"line":31,"column":26}},"18":{"start":{"line":33,"column":4},"end":{"line":43,"column":5}},"19":{"start":{"line":34,"column":6},"end":{"line":34,"column":35}},"20":{"start":{"line":35,"column":6},"end":{"line":35,"column":23}},"21":{"start":{"line":36,"column":11},"end":{"line":43,"column":5}},"22":{"start":{"line":37,"column":6},"end":{"line":37,"column":35}},"23":{"start":{"line":38,"column":6},"end":{"line":38,"column":35}},"24":{"start":{"line":39,"column":6},"end":{"line":42,"column":7}},"25":{"start":{"line":40,"column":27},"end":{"line":40,"column":43}},"26":{"start":{"line":41,"column":8},"end":{"line":41,"column":29}},"27":{"start":{"line":45,"column":4},"end":{"line":47,"column":5}},"28":{"start":{"line":46,"column":6},"end":{"line":46,"column":31}},"29":{"start":{"line":49,"column":4},"end":{"line":49,"column":31}},"30":{"start":{"line":50,"column":4},"end":{"line":50,"column":79}},"31":{"start":{"line":50,"column":60},"end":{"line":50,"column":74}},"32":{"start":{"line":52,"column":4},"end":{"line":54,"column":5}},"33":{"start":{"line":53,"column":6},"end":{"line":53,"column":60}},"34":{"start":{"line":55,"column":4},"end":{"line":55,"column":42}},"35":{"start":{"line":59,"column":19},"end":{"line":59,"column":55}},"36":{"start":{"line":60,"column":16},"end":{"line":60,"column":18}},"37":{"start":{"line":61,"column":29},"end":{"line":61,"column":66}},"38":{"start":{"line":62,"column":30},"end":{"line":62,"column":67}},"39":{"start":{"line":63,"column":29},"end":{"line":63,"column":66}},"40":{"start":{"line":65,"column":22},"end":{"line":65,"column":51}},"41":{"start":{"line":66,"column":22},"end":{"line":66,"column":52}},"42":{"start":{"line":67,"column":19},"end":{"line":67,"column":48}},"43":{"start":{"line":69,"column":4},"end":{"line":76,"column":5}},"44":{"start":{"line":70,"column":6},"end":{"line":70,"column":54}},"45":{"start":{"line":71,"column":11},"end":{"line":76,"column":5}},"46":{"start":{"line":72,"column":6},"end":{"line":72,"column":65}},"47":{"start":{"line":74,"column":18},"end":{"line":74,"column":47}},"48":{"start":{"line":75,"column":6},"end":{"line":75,"column":34}},"49":{"start":{"line":77,"column":4},"end":{"line":77,"column":17}},"50":{"start":{"line":80,"column":0},"end":{"line":80,"column":29}}},"fnMap":{"0":{"name":"(anonymous_0)","decl":{"start":{"line":2,"column":2},"end":{"line":2,"column":3}},"loc":{"start":{"line":2,"column":16},"end":{"line":6,"column":3}},"line":2},"1":{"name":"(anonymous_1)","decl":{"start":{"line":7,"column":2},"end":{"line":7,"column":3}},"loc":{"start":{"line":7,"column":24},"end":{"line":9,"column":3}},"line":7},"2":{"name":"(anonymous_2)","decl":{"start":{"line":10,"column":2},"end":{"line":10,"column":3}},"loc":{"start":{"line":10,"column":21},"end":{"line":13,"column":3}},"line":10},"3":{"name":"(anonymous_3)","decl":{"start":{"line":14,"column":2},"end":{"line":14,"column":3}},"loc":{"start":{"line":14,"column":24},"end":{"line":21,"column":3}},"line":14},"4":{"name":"(anonymous_4)","decl":{"start":{"line":22,"column":2},"end":{"line":22,"column":3}},"loc":{"start":{"line":22,"column":21},"end":{"line":56,"column":3}},"line":22},"5":{"name":"(anonymous_5)","decl":{"start":{"line":50,"column":41},"end":{"line":50,"column":42}},"loc":{"start":{"line":50,"column":60},"end":{"line":50,"column":74}},"line":50},"6":{"name":"(anonymous_6)","decl":{"start":{"line":58,"column":2},"end":{"line":58,"column":3}},"loc":{"start":{"line":58,"column":19},"end":{"line":78,"column":3}},"line":58}},"branchMap":{"0":{"loc":{"start":{"line":18,"column":4},"end":{"line":20,"column":5}},"type":"if","locations":[{"start":{"line":18,"column":4},"end":{"line":20,"column":5}},{"start":{},"end":{}}],"line":18},"1":{"loc":{"start":{"line":24,"column":4},"end":{"line":26,"column":5}},"type":"if","locations":[{"start":{"line":24,"column":4},"end":{"line":26,"column":5}},{"start":{},"end":{}}],"line":24},"2":{"loc":{"start":{"line":24,"column":8},"end":{"line":24,"column":56}},"type":"binary-expr","locations":[{"start":{"line":24,"column":8},"end":{"line":24,"column":20}},{"start":{"line":24,"column":25},"end":{"line":24,"column":41}},{"start":{"line":24,"column":45},"end":{"line":24,"column":55}}],"line":24},"3":{"loc":{"start":{"line":33,"column":4},"end":{"line":43,"column":5}},"type":"if","locations":[{"start":{"line":33,"column":4},"end":{"line":43,"column":5}},{"start":{"line":36,"column":11},"end":{"line":43,"column":5}}],"line":33},"4":{"loc":{"start":{"line":33,"column":8},"end":{"line":33,"column":32}},"type":"binary-expr","locations":[{"start":{"line":33,"column":8},"end":{"line":33,"column":18}},{"start":{"line":33,"column":22},"end":{"line":33,"column":32}}],"line":33},"5":{"loc":{"start":{"line":36,"column":11},"end":{"line":43,"column":5}},"type":"if","locations":[{"start":{"line":36,"column":11},"end":{"line":43,"column":5}},{"start":{},"end":{}}],"line":36},"6":{"loc":{"start":{"line":39,"column":6},"end":{"line":42,"column":7}},"type":"if","locations":[{"start":{"line":39,"column":6},"end":{"line":42,"column":7}},{"start":{},"end":{}}],"line":39},"7":{"loc":{"start":{"line":39,"column":10},"end":{"line":39,"column":48}},"type":"binary-expr","locations":[{"start":{"line":39,"column":10},"end":{"line":39,"column":19}},{"start":{"line":39,"column":23},"end":{"line":39,"column":48}}],"line":39},"8":{"loc":{"start":{"line":45,"column":4},"end":{"line":47,"column":5}},"type":"if","locations":[{"start":{"line":45,"column":4},"end":{"line":47,"column":5}},{"start":{},"end":{}}],"line":45},"9":{"loc":{"start":{"line":45,"column":8},"end":{"line":45,"column":31}},"type":"binary-expr","locations":[{"start":{"line":45,"column":8},"end":{"line":45,"column":18}},{"start":{"line":45,"column":22},"end":{"line":45,"column":31}}],"line":45},"10":{"loc":{"start":{"line":52,"column":4},"end":{"line":54,"column":5}},"type":"if","locations":[{"start":{"line":52,"column":4},"end":{"line":54,"column":5}},{"start":{},"end":{}}],"line":52},"11":{"loc":{"start":{"line":69,"column":4},"end":{"line":76,"column":5}},"type":"if","locations":[{"start":{"line":69,"column":4},"end":{"line":76,"column":5}},{"start":{"line":71,"column":11},"end":{"line":76,"column":5}}],"line":69},"12":{"loc":{"start":{"line":69,"column":8},"end":{"line":69,"column":66}},"type":"binary-expr","locations":[{"start":{"line":69,"column":8},"end":{"line":69,"column":35}},{"start":{"line":69,"column":39},"end":{"line":69,"column":66}}],"line":69},"13":{"loc":{"start":{"line":71,"column":11},"end":{"line":76,"column":5}},"type":"if","locations":[{"start":{"line":71,"column":11},"end":{"line":76,"column":5}},{"start":{"line":73,"column":11},"end":{"line":76,"column":5}}],"line":71}},"s":{"0":9,"1":9,"2":9,"3":11,"4":9,"5":9,"6":4,"7":4,"8":4,"9":4,"10":1,"11":8,"12":8,"13":5,"14":8,"15":8,"16":8,"17":8,"18":8,"19":2,"20":2,"21":6,"22":1,"23":1,"24":1,"25":1,"26":1,"27":8,"28":2,"29":8,"30":8,"31":20,"32":8,"33":1,"34":7,"35":8,"36":8,"37":8,"38":8,"39":8,"40":8,"41":8,"42":8,"43":8,"44":1,"45":7,"46":1,"47":6,"48":6,"49":8,"50":1},"f":{"0":9,"1":11,"2":9,"3":4,"4":8,"5":20,"6":8},"b":{"0":[1,3],"1":[5,3],"2":[8,5,4],"3":[2,6],"4":[8,3],"5":[1,5],"6":[1,0],"7":[1,1],"8":[2,6],"9":[8,7],"10":[1,7],"11":[1,7],"12":[8,2],"13":[1,6]},"_coverageSchema":"1a1c01bbd47fc00a2c39e90264f33305004495a9","hash":"22931dcc6d3899940d5fcb83112a921d7e44edb4"}
}
