TN:
SF:lib/bankAccount.js
FN:2,(anonymous_0)
FN:7,(anonymous_1)
FN:10,(anonymous_2)
FN:14,(anonymous_3)
FN:22,(anonymous_4)
FN:50,(anonymous_5)
FN:58,(anonymous_6)
FNF:7
FNH:7
FNDA:9,(anonymous_0)
FNDA:11,(anonymous_1)
FNDA:9,(anonymous_2)
FNDA:4,(anonymous_3)
FNDA:8,(anonymous_4)
FNDA:20,(anonymous_5)
FNDA:8,(anonymous_6)
DA:3,9
DA:4,9
DA:5,9
DA:8,11
DA:11,9
DA:12,9
DA:15,4
DA:16,4
DA:17,4
DA:18,4
DA:19,1
DA:23,8
DA:24,8
DA:25,5
DA:28,8
DA:29,8
DA:30,8
DA:31,8
DA:33,8
DA:34,2
DA:35,2
DA:36,6
DA:37,1
DA:38,1
DA:39,1
DA:40,1
DA:41,1
DA:45,8
DA:46,2
DA:49,8
DA:50,20
DA:52,8
DA:53,1
DA:55,7
DA:59,8
DA:60,8
DA:61,8
DA:62,8
DA:63,8
DA:65,8
DA:66,8
DA:67,8
DA:69,8
DA:70,1
DA:71,7
DA:72,1
DA:74,6
DA:75,6
DA:77,8
DA:80,1
LF:50
LH:50
BRDA:18,0,0,1
BRDA:18,0,1,3
BRDA:24,1,0,5
BRDA:24,1,1,3
BRDA:24,2,0,8
BRDA:24,2,1,5
BRDA:24,2,2,4
BRDA:33,3,0,2
BRDA:33,3,1,6
BRDA:33,4,0,8
BRDA:33,4,1,3
BRDA:36,5,0,1
BRDA:36,5,1,5
BRDA:39,6,0,1
BRDA:39,6,1,0
BRDA:39,7,0,1
BRDA:39,7,1,1
BRDA:45,8,0,2
BRDA:45,8,1,6
BRDA:45,9,0,8
BRDA:45,9,1,7
BRDA:52,10,0,1
BRDA:52,10,1,7
BRDA:69,11,0,1
BRDA:69,11,1,7
BRDA:69,12,0,8
BRDA:69,12,1,2
BRDA:71,13,0,1
BRDA:71,13,1,6
BRF:29
BRH:28
end_of_record
